# JRE version: OpenJDK Runtime Environment Temurin-21.0.6+7 (21.0.6+7) (build 21.0.6+7-LTS)
# Java VM: OpenJDK 64-Bit Server VM Temurin-21.0.6+7 (21.0.6+7-LTS, mixed mode, sharing, tiered, compressed oops, compressed class ptrs, parallel gc, windows-amd64)
GC Precious Log:
 CardTable entry size: 512
 CPUs: 16 total, 16 available
 Memory: 14188M
 Large Page Support: Disabled
 NUMA Support: Disabled
 Compressed Oops: Enabled (32-bit)
 Alignments: Space 512K, Generation 512K, Heap 2M
 Heap Min Capacity: 100M
 Heap Initial Capacity: 100M
 Heap Max Capacity: 1G
 Pre-touch: Disabled
 Parallel Workers: 13
Heap:
 PSYoungGen      total 3072K, used 2875K [0x00000000eab00000, 0x00000000eaf00000, 0x0000000100000000)
  eden space 2560K, 96% used [0x00000000eab00000,0x00000000ead66c40,0x00000000ead80000)
  from space 512K, 81% used [0x00000000eae80000,0x00000000eaee8000,0x00000000eaf00000)
  to   space 512K, 0% used [0x00000000eae00000,0x00000000eae00000,0x00000000eae80000)
 ParOldGen       total 595456K, used 595230K [0x00000000c0000000, 0x00000000e4580000, 0x00000000eab00000)
  object space 595456K, 99% used [0x00000000c0000000,0x00000000e4547a68,0x00000000e4580000)
 Metaspace       used 75623K, committed 77184K, reserved 1179648K
  class space    used 7861K, committed 8576K, reserved 1048576K
GC Heap History (20 events):
Event: 927.968 GC heap before
{Heap before GC invocations=643 (full 3):
 PSYoungGen      total 5120K, used 4416K [0x00000000eab00000, 0x00000000eb280000, 0x0000000100000000)
  eden space 2560K, 100% used [0x00000000eab00000,0x00000000ead80000,0x00000000ead80000)
  from space 2560K, 72% used [0x00000000ead80000,0x00000000eaf50000,0x00000000eb000000)
  to   space 2048K, 0% used [0x00000000eb080000,0x00000000eb080000,0x00000000eb280000)
 ParOldGen       total 587776K, used 587371K [0x00000000c0000000, 0x00000000e3e00000, 0x00000000eab00000)
  object space 587776K, 99% used [0x00000000c0000000,0x00000000e3d9ae80,0x00000000e3e00000)
 Metaspace       used 75492K, committed 77056K, reserved 1179648K
  class space    used 7860K, committed 8576K, reserved 1048576K
}
Event: 927.971 GC heap after
{Heap after GC invocations=643 (full 3):
 PSYoungGen      total 4096K, used 1152K [0x00000000eab00000, 0x00000000eb200000, 0x0000000100000000)
  eden space 2560K, 0% used [0x00000000eab00000,0x00000000eab00000,0x00000000ead80000)
  from space 1536K, 75% used [0x00000000eb080000,0x00000000eb1a0000,0x00000000eb200000)
  to   space 1536K, 0% used [0x00000000eaf00000,0x00000000eaf00000,0x00000000eb080000)
 ParOldGen       total 589312K, used 589107K [0x00000000c0000000, 0x00000000e3f80000, 0x00000000eab00000)
  object space 589312K, 99% used [0x00000000c0000000,0x00000000e3f4ce80,0x00000000e3f80000)
 Metaspace       used 75492K, committed 77056K, reserved 1179648K
  class space    used 7860K, committed 8576K, reserved 1048576K
}
Event: 927.985 GC heap before
{Heap before GC invocations=644 (full 3):
 PSYoungGen      total 4096K, used 3712K [0x00000000eab00000, 0x00000000eb200000, 0x0000000100000000)
  eden space 2560K, 100% used [0x00000000eab00000,0x00000000ead80000,0x00000000ead80000)
  from space 1536K, 75% used [0x00000000eb080000,0x00000000eb1a0000,0x00000000eb200000)
  to   space 1536K, 0% used [0x00000000eaf00000,0x00000000eaf00000,0x00000000eb080000)
 ParOldGen       total 589312K, used 589107K [0x00000000c0000000, 0x00000000e3f80000, 0x00000000eab00000)
  object space 589312K, 99% used [0x00000000c0000000,0x00000000e3f4ce80,0x00000000e3f80000)
 Metaspace       used 75506K, committed 77056K, reserved 1179648K
  class space    used 7860K, committed 8576K, reserved 1048576K
}
Event: 927.987 GC heap after
{Heap after GC invocations=644 (full 3):
 PSYoungGen      total 3584K, used 992K [0x00000000eab00000, 0x00000000eb100000, 0x0000000100000000)
  eden space 2560K, 0% used [0x00000000eab00000,0x00000000eab00000,0x00000000ead80000)
  from space 1024K, 96% used [0x00000000eaf00000,0x00000000eaff8000,0x00000000eb000000)
  to   space 1024K, 0% used [0x00000000eb000000,0x00000000eb000000,0x00000000eb100000)
 ParOldGen       total 590336K, used 590131K [0x00000000c0000000, 0x00000000e4080000, 0x00000000eab00000)
  object space 590336K, 99% used [0x00000000c0000000,0x00000000e404ce80,0x00000000e4080000)
 Metaspace       used 75506K, committed 77056K, reserved 1179648K
  class space    used 7860K, committed 8576K, reserved 1048576K
}
Event: 928.037 GC heap before
{Heap before GC invocations=645 (full 3):
 PSYoungGen      total 3584K, used 3552K [0x00000000eab00000, 0x00000000eb100000, 0x0000000100000000)
  eden space 2560K, 100% used [0x00000000eab00000,0x00000000ead80000,0x00000000ead80000)
  from space 1024K, 96% used [0x00000000eaf00000,0x00000000eaff8000,0x00000000eb000000)
  to   space 1024K, 0% used [0x00000000eb000000,0x00000000eb000000,0x00000000eb100000)
 ParOldGen       total 590336K, used 590131K [0x00000000c0000000, 0x00000000e4080000, 0x00000000eab00000)
  object space 590336K, 99% used [0x00000000c0000000,0x00000000e404ce80,0x00000000e4080000)
 Metaspace       used 75509K, committed 77056K, reserved 1179648K
  class space    used 7860K, committed 8576K, reserved 1048576K
}
Event: 928.039 GC heap after
{Heap after GC invocations=645 (full 3):
 PSYoungGen      total 3584K, used 1024K [0x00000000eab00000, 0x00000000eb180000, 0x0000000100000000)
  eden space 2560K, 0% used [0x00000000eab00000,0x00000000eab00000,0x00000000ead80000)
  from space 1024K, 100% used [0x00000000eb000000,0x00000000eb100000,0x00000000eb100000)
  to   space 2048K, 0% used [0x00000000ead80000,0x00000000ead80000,0x00000000eaf80000)
 ParOldGen       total 591360K, used 590979K [0x00000000c0000000, 0x00000000e4180000, 0x00000000eab00000)
  object space 591360K, 99% used [0x00000000c0000000,0x00000000e4120e80,0x00000000e4180000)
 Metaspace       used 75509K, committed 77056K, reserved 1179648K
  class space    used 7860K, committed 8576K, reserved 1048576K
}
Event: 928.076 GC heap before
{Heap before GC invocations=646 (full 3):
 PSYoungGen      total 3584K, used 3584K [0x00000000eab00000, 0x00000000eb180000, 0x0000000100000000)
  eden space 2560K, 100% used [0x00000000eab00000,0x00000000ead80000,0x00000000ead80000)
  from space 1024K, 100% used [0x00000000eb000000,0x00000000eb100000,0x00000000eb100000)
  to   space 2048K, 0% used [0x00000000ead80000,0x00000000ead80000,0x00000000eaf80000)
 ParOldGen       total 591360K, used 590979K [0x00000000c0000000, 0x00000000e4180000, 0x00000000eab00000)
  object space 591360K, 99% used [0x00000000c0000000,0x00000000e4120e80,0x00000000e4180000)
 Metaspace       used 75533K, committed 77184K, reserved 1179648K
  class space    used 7860K, committed 8576K, reserved 1048576K
}
Event: 928.080 GC heap after
{Heap after GC invocations=646 (full 3):
 PSYoungGen      total 3584K, used 928K [0x00000000eab00000, 0x00000000eb080000, 0x0000000100000000)
  eden space 2560K, 0% used [0x00000000eab00000,0x00000000eab00000,0x00000000ead80000)
  from space 1024K, 90% used [0x00000000ead80000,0x00000000eae68000,0x00000000eae80000)
  to   space 1536K, 0% used [0x00000000eaf00000,0x00000000eaf00000,0x00000000eb080000)
 ParOldGen       total 591872K, used 591859K [0x00000000c0000000, 0x00000000e4200000, 0x00000000eab00000)
  object space 591872K, 99% used [0x00000000c0000000,0x00000000e41fce90,0x00000000e4200000)
 Metaspace       used 75533K, committed 77184K, reserved 1179648K
  class space    used 7860K, committed 8576K, reserved 1048576K
}
Event: 928.116 GC heap before
{Heap before GC invocations=647 (full 3):
 PSYoungGen      total 3584K, used 3488K [0x00000000eab00000, 0x00000000eb080000, 0x0000000100000000)
  eden space 2560K, 100% used [0x00000000eab00000,0x00000000ead80000,0x00000000ead80000)
  from space 1024K, 90% used [0x00000000ead80000,0x00000000eae68000,0x00000000eae80000)
  to   space 1536K, 0% used [0x00000000eaf00000,0x00000000eaf00000,0x00000000eb080000)
 ParOldGen       total 591872K, used 591859K [0x00000000c0000000, 0x00000000e4200000, 0x00000000eab00000)
  object space 591872K, 99% used [0x00000000c0000000,0x00000000e41fce90,0x00000000e4200000)
 Metaspace       used 75545K, committed 77184K, reserved 1179648K
  class space    used 7860K, committed 8576K, reserved 1048576K
}
Event: 928.118 GC heap after
{Heap after GC invocations=647 (full 3):
 PSYoungGen      total 3584K, used 832K [0x00000000eab00000, 0x00000000eb000000, 0x0000000100000000)
  eden space 2560K, 0% used [0x00000000eab00000,0x00000000eab00000,0x00000000ead80000)
  from space 1024K, 81% used [0x00000000eaf00000,0x00000000eafd0010,0x00000000eb000000)
  to   space 1024K, 0% used [0x00000000ead80000,0x00000000ead80000,0x00000000eae80000)
 ParOldGen       total 592896K, used 592547K [0x00000000c0000000, 0x00000000e4300000, 0x00000000eab00000)
  object space 592896K, 99% used [0x00000000c0000000,0x00000000e42a8e90,0x00000000e4300000)
 Metaspace       used 75545K, committed 77184K, reserved 1179648K
  class space    used 7860K, committed 8576K, reserved 1048576K
}
Event: 928.169 GC heap before
{Heap before GC invocations=648 (full 3):
 PSYoungGen      total 3584K, used 3392K [0x00000000eab00000, 0x00000000eb000000, 0x0000000100000000)
  eden space 2560K, 100% used [0x00000000eab00000,0x00000000ead80000,0x00000000ead80000)
  from space 1024K, 81% used [0x00000000eaf00000,0x00000000eafd0010,0x00000000eb000000)
  to   space 1024K, 0% used [0x00000000ead80000,0x00000000ead80000,0x00000000eae80000)
 ParOldGen       total 592896K, used 592547K [0x00000000c0000000, 0x00000000e4300000, 0x00000000eab00000)
  object space 592896K, 99% used [0x00000000c0000000,0x00000000e42a8e90,0x00000000e4300000)
 Metaspace       used 75593K, committed 77184K, reserved 1179648K
  class space    used 7861K, committed 8576K, reserved 1048576K
}
Event: 928.172 GC heap after
{Heap after GC invocations=648 (full 3):
 PSYoungGen      total 3584K, used 768K [0x00000000eab00000, 0x00000000eaf80000, 0x0000000100000000)
  eden space 2560K, 0% used [0x00000000eab00000,0x00000000eab00000,0x00000000ead80000)
  from space 1024K, 75% used [0x00000000ead80000,0x00000000eae40000,0x00000000eae80000)
  to   space 1024K, 0% used [0x00000000eae80000,0x00000000eae80000,0x00000000eaf80000)
 ParOldGen       total 593408K, used 593219K [0x00000000c0000000, 0x00000000e4380000, 0x00000000eab00000)
  object space 593408K, 99% used [0x00000000c0000000,0x00000000e4350ea0,0x00000000e4380000)
 Metaspace       used 75593K, committed 77184K, reserved 1179648K
  class space    used 7861K, committed 8576K, reserved 1048576K
}
Event: 928.202 GC heap before
{Heap before GC invocations=649 (full 3):
 PSYoungGen      total 3584K, used 3325K [0x00000000eab00000, 0x00000000eaf80000, 0x0000000100000000)
  eden space 2560K, 99% used [0x00000000eab00000,0x00000000ead7f448,0x00000000ead80000)
  from space 1024K, 75% used [0x00000000ead80000,0x00000000eae40000,0x00000000eae80000)
  to   space 1024K, 0% used [0x00000000eae80000,0x00000000eae80000,0x00000000eaf80000)
 ParOldGen       total 593408K, used 593219K [0x00000000c0000000, 0x00000000e4380000, 0x00000000eab00000)
  object space 593408K, 99% used [0x00000000c0000000,0x00000000e4350ea0,0x00000000e4380000)
 Metaspace       used 75595K, committed 77184K, reserved 1179648K
  class space    used 7861K, committed 8576K, reserved 1048576K
}
Event: 928.205 GC heap after
{Heap after GC invocations=649 (full 3):
 PSYoungGen      total 3584K, used 768K [0x00000000eab00000, 0x00000000eaf80000, 0x0000000100000000)
  eden space 2560K, 0% used [0x00000000eab00000,0x00000000eab00000,0x00000000ead80000)
  from space 1024K, 75% used [0x00000000eae80000,0x00000000eaf40000,0x00000000eaf80000)
  to   space 1024K, 0% used [0x00000000ead80000,0x00000000ead80000,0x00000000eae80000)
 ParOldGen       total 593920K, used 593811K [0x00000000c0000000, 0x00000000e4400000, 0x00000000eab00000)
  object space 593920K, 99% used [0x00000000c0000000,0x00000000e43e4ea0,0x00000000e4400000)
 Metaspace       used 75595K, committed 77184K, reserved 1179648K
  class space    used 7861K, committed 8576K, reserved 1048576K
}
Event: 928.249 GC heap before
{Heap before GC invocations=650 (full 3):
 PSYoungGen      total 3584K, used 3328K [0x00000000eab00000, 0x00000000eaf80000, 0x0000000100000000)
  eden space 2560K, 100% used [0x00000000eab00000,0x00000000ead80000,0x00000000ead80000)
  from space 1024K, 75% used [0x00000000eae80000,0x00000000eaf40000,0x00000000eaf80000)
  to   space 1024K, 0% used [0x00000000ead80000,0x00000000ead80000,0x00000000eae80000)
 ParOldGen       total 593920K, used 593811K [0x00000000c0000000, 0x00000000e4400000, 0x00000000eab00000)
  object space 593920K, 99% used [0x00000000c0000000,0x00000000e43e4ea0,0x00000000e4400000)
 Metaspace       used 75604K, committed 77184K, reserved 1179648K
  class space    used 7861K, committed 8576K, reserved 1048576K
}
Event: 928.252 GC heap after
{Heap after GC invocations=650 (full 3):
 PSYoungGen      total 3584K, used 544K [0x00000000eab00000, 0x00000000eaf80000, 0x0000000100000000)
  eden space 2560K, 0% used [0x00000000eab00000,0x00000000eab00000,0x00000000ead80000)
  from space 1024K, 53% used [0x00000000ead80000,0x00000000eae08000,0x00000000eae80000)
  to   space 1024K, 0% used [0x00000000eae80000,0x00000000eae80000,0x00000000eaf80000)
 ParOldGen       total 594432K, used 594363K [0x00000000c0000000, 0x00000000e4480000, 0x00000000eab00000)
  object space 594432K, 99% used [0x00000000c0000000,0x00000000e446eea0,0x00000000e4480000)
 Metaspace       used 75604K, committed 77184K, reserved 1179648K
  class space    used 7861K, committed 8576K, reserved 1048576K
}
Event: 928.265 GC heap before
{Heap before GC invocations=651 (full 3):
 PSYoungGen      total 3584K, used 3104K [0x00000000eab00000, 0x00000000eaf80000, 0x0000000100000000)
  eden space 2560K, 100% used [0x00000000eab00000,0x00000000ead80000,0x00000000ead80000)
  from space 1024K, 53% used [0x00000000ead80000,0x00000000eae08000,0x00000000eae80000)
  to   space 1024K, 0% used [0x00000000eae80000,0x00000000eae80000,0x00000000eaf80000)
 ParOldGen       total 594432K, used 594363K [0x00000000c0000000, 0x00000000e4480000, 0x00000000eab00000)
  object space 594432K, 99% used [0x00000000c0000000,0x00000000e446eea0,0x00000000e4480000)
 Metaspace       used 75612K, committed 77184K, reserved 1179648K
  class space    used 7861K, committed 8576K, reserved 1048576K
}
Event: 928.268 GC heap after
{Heap after GC invocations=651 (full 3):
 PSYoungGen      total 3072K, used 352K [0x00000000eab00000, 0x00000000eaf00000, 0x0000000100000000)
  eden space 2560K, 0% used [0x00000000eab00000,0x00000000eab00000,0x00000000ead80000)
  from space 512K, 68% used [0x00000000eae80000,0x00000000eaed8000,0x00000000eaf00000)
  to   space 512K, 0% used [0x00000000eae00000,0x00000000eae00000,0x00000000eae80000)
 ParOldGen       total 594944K, used 594643K [0x00000000c0000000, 0x00000000e4500000, 0x00000000eab00000)
  object space 594944K, 99% used [0x00000000c0000000,0x00000000e44b4ea0,0x00000000e4500000)
 Metaspace       used 75612K, committed 77184K, reserved 1179648K
  class space    used 7861K, committed 8576K, reserved 1048576K
}
Event: 928.279 GC heap before
{Heap before GC invocations=652 (full 3):
 PSYoungGen      total 3072K, used 2664K [0x00000000eab00000, 0x00000000eaf00000, 0x0000000100000000)
  eden space 2560K, 90% used [0x00000000eab00000,0x00000000ead422b0,0x00000000ead80000)
  from space 512K, 68% used [0x00000000eae80000,0x00000000eaed8000,0x00000000eaf00000)
  to   space 512K, 0% used [0x00000000eae00000,0x00000000eae00000,0x00000000eae80000)
 ParOldGen       total 594944K, used 594643K [0x00000000c0000000, 0x00000000e4500000, 0x00000000eab00000)
  object space 594944K, 99% used [0x00000000c0000000,0x00000000e44b4ea0,0x00000000e4500000)
 Metaspace       used 75612K, committed 77184K, reserved 1179648K
  class space    used 7861K, committed 8576K, reserved 1048576K
}
Event: 928.281 GC heap after
{Heap after GC invocations=652 (full 3):
 PSYoungGen      total 3072K, used 416K [0x00000000eab00000, 0x00000000eaf00000, 0x0000000100000000)
  eden space 2560K, 0% used [0x00000000eab00000,0x00000000eab00000,0x00000000ead80000)
  from space 512K, 81% used [0x00000000eae00000,0x00000000eae68000,0x00000000eae80000)
  to   space 512K, 0% used [0x00000000eae80000,0x00000000eae80000,0x00000000eaf00000)
 ParOldGen       total 594944K, used 594739K [0x00000000c0000000, 0x00000000e4500000, 0x00000000eab00000)
  object space 594944K, 99% used [0x00000000c0000000,0x00000000e44ccea0,0x00000000e4500000)
 Metaspace       used 75612K, committed 77184K, reserved 1179648K
  class space    used 7861K, committed 8576K, reserved 1048576K
}

